│ BTC/USDT:USDT │     14 │        -0.37 │          -1.714 │        -0.17 │     16:26:00 │    8     0     6  57.1 │
│         TOTAL │     36 │        -0.66 │          -2.879 │        -0.29 │     13:05:00 │   20     0    16  55.6 │
└───────────────┴────────┴──────────────┴─────────────────┴──────────────┴──────────────┴────────────────────────┘
                                         LEFT OPEN TRADES REPORT                                          
┏━━━━━━━┳━━━━━━━━┳━━━━━━━━━━━━━━┳━━━━━━━━━━━━━━━━━┳━━━━━━━━━━━━━━┳━━━━━━━━━━━━━━┳━━━━━━━━━━━━━━━━━━━━━━━━┓
┃  Pair ┃ Trades ┃ Avg Profit % ┃ Tot Profit USDT ┃ Tot Profit % ┃ Avg Duration ┃  Win  Draw  Loss  Win% ┃
┡━━━━━━━╇━━━━━━━━╇━━━━━━━━━━━━━━╇━━━━━━━━━━━━━━━━━╇━━━━━━━━━━━━━━╇━━━━━━━━━━━━━━╇━━━━━━━━━━━━━━━━━━━━━━━━┩
│ TOTAL │      0 │          0.0 │           0.000 │          0.0 │         0:00 │    0     0     0     0 │
└───────┴────────┴──────────────┴─────────────────┴──────────────┴──────────────┴────────────────────────┘
                                                ENTER TAG STATS                                                
┏━━━━━━━━━━━┳━━━━━━━━━┳━━━━━━━━━━━━━━┳━━━━━━━━━━━━━━━━━┳━━━━━━━━━━━━━━┳━━━━━━━━━━━━━━┳━━━━━━━━━━━━━━━━━━━━━━━━┓
┃ Enter Tag ┃ Entries ┃ Avg Profit % ┃ Tot Profit USDT ┃ Tot Profit % ┃ Avg Duration ┃  Win  Draw  Loss  Win% ┃
┡━━━━━━━━━━━╇━━━━━━━━━╇━━━━━━━━━━━━━━╇━━━━━━━━━━━━━━━━━╇━━━━━━━━━━━━━━╇━━━━━━━━━━━━━━╇━━━━━━━━━━━━━━━━━━━━━━━━┩
│ pre_scout │       3 │         0.52 │           0.877 │         0.09 │     21:15:00 │    3     0     0   100 │
│     scout │       2 │         0.31 │           0.097 │         0.01 │      2:00:00 │    2     0     0   100 │
│ confirmed │      31 │        -0.83 │          -3.852 │        -0.39 │     13:01:00 │   15     0    16  48.4 │
│     TOTAL │      36 │        -0.66 │          -2.879 │        -0.29 │     13:05:00 │   20     0    16  55.6 │
└───────────┴─────────┴──────────────┴─────────────────┴──────────────┴──────────────┴────────────────────────┘
                                                      EXIT REASON STATS                                                      
┏━━━━━━━━━━━━━━━━━━━━━━━━━┳━━━━━━━┳━━━━━━━━━━━━━━┳━━━━━━━━━━━━━━━━━┳━━━━━━━━━━━━━━┳━━━━━━━━━━━━━━━━┳━━━━━━━━━━━━━━━━━━━━━━━━┓
┃             Exit Reason ┃ Exits ┃ Avg Profit % ┃ Tot Profit USDT ┃ Tot Profit % ┃   Avg Duration ┃  Win  Draw  Loss  Win% ┃
┡━━━━━━━━━━━━━━━━━━━━━━━━━╇━━━━━━━╇━━━━━━━━━━━━━━╇━━━━━━━━━━━━━━━━━╇━━━━━━━━━━━━━━╇━━━━━━━━━━━━━━━━╇━━━━━━━━━━━━━━━━━━━━━━━━┩
│     time_decay_sideways │     7 │        -0.05 │           0.376 │         0.04 │ 1 day, 3:56:00 │    4     0     3  57.1 │
│ time_decay_quality_lost │     3 │        -1.81 │          -1.294 │        -0.13 │ 1 day, 6:50:00 │    0     0     3     0 │
│      trailing_stop_loss │    26 │        -0.69 │          -1.961 │         -0.2 │        7:03:00 │   16     0    10  61.5 │
│                   TOTAL │    36 │        -0.66 │          -2.879 │        -0.29 │       13:05:00 │   20     0    16  55.6 │
└─────────────────────────┴───────┴──────────────┴─────────────────┴──────────────┴────────────────┴────────────────────────┘
                                                             MIXED TAG STATS                                                              
┏━━━━━━━━━━━┳━━━━━━━━━━━━━━━━━━━━━━━━━┳━━━━━━━━┳━━━━━━━━━━━━━━┳━━━━━━━━━━━━━━━━━┳━━━━━━━━━━━━━━┳━━━━━━━━━━━━━━━━┳━━━━━━━━━━━━━━━━━━━━━━━━┓
┃ Enter Tag ┃             Exit Reason ┃ Trades ┃ Avg Profit % ┃ Tot Profit USDT ┃ Tot Profit % ┃   Avg Duration ┃  Win  Draw  Loss  Win% ┃
┡━━━━━━━━━━━╇━━━━━━━━━━━━━━━━━━━━━━━━━╇━━━━━━━━╇━━━━━━━━━━━━━━╇━━━━━━━━━━━━━━━━━╇━━━━━━━━━━━━━━╇━━━━━━━━━━━━━━━━╇━━━━━━━━━━━━━━━━━━━━━━━━┩
│ pre_scout │     time_decay_sideways │      2 │         0.64 │           0.577 │         0.06 │ 1 day, 2:08:00 │    2     0     0   100 │
│ pre_scout │      trailing_stop_loss │      1 │          0.3 │           0.300 │         0.03 │       11:30:00 │    1     0     0   100 │
│     scout │      trailing_stop_loss │      2 │         0.31 │           0.097 │         0.01 │        2:00:00 │    2     0     0   100 │
│ confirmed │     time_decay_sideways │      5 │        -0.32 │          -0.201 │        -0.02 │ 1 day, 4:39:00 │    2     0     3  40.0 │
│ confirmed │ time_decay_quality_lost │      3 │        -1.81 │          -1.294 │        -0.13 │ 1 day, 6:50:00 │    0     0     3     0 │
│ confirmed │      trailing_stop_loss │     23 │        -0.82 │          -2.358 │        -0.24 │        7:18:00 │   13     0    10  56.5 │
│     TOTAL │                         │     36 │        -0.66 │          -2.879 │        -0.29 │       13:05:00 │   20     0    16  55.6 │
└───────────┴─────────────────────────┴────────┴──────────────┴─────────────────┴──────────────┴────────────────┴────────────────────────┘
                         SUMMARY METRICS                          
┏━━━━━━━━━━━━━━━━━━━━━━━━━━━━━━━┳━━━━━━━━━━━━━━━━━━━━━━━━━━━━━━━━┓
┃ Metric                        ┃ Value                          ┃
┡━━━━━━━━━━━━━━━━━━━━━━━━━━━━━━━╇━━━━━━━━━━━━━━━━━━━━━━━━━━━━━━━━┩
│ Backtesting from              │ 2025-10-01 00:00:00            │
│ Backtesting to                │ 2026-03-30 00:00:00            │
│ Trading Mode                  │ Isolated Futures               │
│ Max open trades               │ 3                              │
│                               │                                │
│ Total/Daily Avg Trades        │ 36 / 0.2                       │
│ Starting balance              │ 1000 USDT                      │
│ Final balance                 │ 997.121 USDT                   │
│ Absolute profit               │ -2.879 USDT                    │
│ Total profit %                │ -0.29%                         │
│ CAGR %                        │ -0.58%                         │
│ Sortino                       │ -0.54                          │
│ Sharpe                        │ -0.65                          │
│ Calmar                        │ -7.74                          │
│ SQN                           │ -1.01                          │
│ Profit factor                 │ 0.51                           │
│ Expectancy (Ratio)            │ -0.08 (-0.22)                  │
│ Avg. daily profit             │ -0.016 USDT                    │
│ Avg. stake amount             │ 21.092 USDT                    │
│ Total trade volume            │ 1552.915 USDT                  │
│                               │                                │
│ Long / Short trades           │ 5 / 31                         │
│ Long / Short profit %         │ 0.00% / -0.29%                 │
│ Long / Short profit USDT      │ 0.010 / -2.888                 │
│                               │                                │
│ Best Pair                     │ SOL/USDT:USDT 0.00%            │
│ Worst Pair                    │ BTC/USDT:USDT -0.17%           │
│ Best trade                    │ ETH/USDT:USDT 1.54%            │
│ Worst trade                   │ BTC/USDT:USDT -4.65%           │
│ Best day                      │ 0.833 USDT                     │
│ Worst day                     │ -2.412 USDT                    │
│ Days win/draw/lose            │ 15 / 137 / 14                  │
│ Min/Max/Avg. Duration Winners │ 0d 00:15 / 1d 08:45 / 0d 11:02 │
│ Min/Max/Avg. Duration Losers  │ 0d 00:00 / 2d 04:30 / 0d 15:39 │
│ Max Consecutive Wins / Loss   │ 6 / 5                          │
│ Rejected Entry signals        │ 0                              │
│ Entry/Exit Timeouts           │ 0 / 0                          │
│                               │                                │
│ Min balance                   │ 997.002 USDT                   │
│ Max balance                   │ 1000.954 USDT                  │
│ Max % of account underwater   │ 0.39%                          │
│ Absolute drawdown             │ 3.952 USDT (0.39%)             │
│ Drawdown duration             │ 83 days 15:00:00               │
│ Profit at drawdown start      │ 0.954 USDT                     │
│ Profit at drawdown end        │ -2.998 USDT                    │
│ Drawdown start                │ 2025-12-15 14:45:00            │
│ Drawdown end                  │ 2026-03-09 05:45:00            │
│ Market change                 │ -54.27%                        │
└───────────────────────────────┴────────────────────────────────┘

Backtested 2025-10-01 00:00:00 -> 2026-03-30 00:00:00 | Max open trades : 3
                                                             STRATEGY SUMMARY                                                              
┏━━━━━━━━━━━━━━━━━━━━┳━━━━━━━━┳━━━━━━━━━━━━━━┳━━━━━━━━━━━━━━━━━┳━━━━━━━━━━━━━━┳━━━━━━━━━━━━━━┳━━━━━━━━━━━━━━━━━━━━━━━━┳━━━━━━━━━━━━━━━━━━━┓
┃           Strategy ┃ Trades ┃ Avg Profit % ┃ Tot Profit USDT ┃ Tot Profit % ┃ Avg Duration ┃  Win  Draw  Loss  Win% ┃          Drawdown ┃
┡━━━━━━━━━━━━━━━━━━━━╇━━━━━━━━╇━━━━━━━━━━━━━━╇━━━━━━━━━━━━━━━━━╇━━━━━━━━━━━━━━╇━━━━━━━━━━━━━━╇━━━━━━━━━━━━━━━━━━━━━━━━╇━━━━━━━━━━━━━━━━━━━┩
│ SupertrendStrategy │     36 │        -0.66 │          -2.879 │        -0.29 │     13:05:00 │   20     0    16  55.6 │ 3.952 USDT  0.39% │
└────────────────────┴────────┴──────────────┴─────────────────┴──────────────┴──────────────┴────────────────────────┴───────────────────┘
