┡━━━━━━━━━━━━━━━╇━━━━━━━━╇━━━━━━━━━━━━━━╇━━━━━━━━━━━━━━━━━╇━━━━━━━━━━━━━━╇━━━━━━━━━━━━━━╇━━━━━━━━━━━━━━━━━━━━━━━━┩
│ BTC/USDT:USDT │      4 │         0.47 │           1.882 │         0.19 │     16:26:00 │    4     0     0   100 │
│ ADA/USDT:USDT │      1 │         0.33 │           0.239 │         0.02 │      2:00:00 │    1     0     0   100 │
│ ETH/USDT:USDT │      0 │          0.0 │           0.000 │          0.0 │         0:00 │    0     0     0     0 │
│ SOL/USDT:USDT │      0 │          0.0 │           0.000 │          0.0 │         0:00 │    0     0     0     0 │
│ XRP/USDT:USDT │      0 │          0.0 │           0.000 │          0.0 │         0:00 │    0     0     0     0 │
│         TOTAL │      5 │         0.44 │           2.121 │         0.21 │     13:33:00 │    5     0     0   100 │
└───────────────┴────────┴──────────────┴─────────────────┴──────────────┴──────────────┴────────────────────────┘
                                         LEFT OPEN TRADES REPORT                                          
┏━━━━━━━┳━━━━━━━━┳━━━━━━━━━━━━━━┳━━━━━━━━━━━━━━━━━┳━━━━━━━━━━━━━━┳━━━━━━━━━━━━━━┳━━━━━━━━━━━━━━━━━━━━━━━━┓
┃  Pair ┃ Trades ┃ Avg Profit % ┃ Tot Profit USDT ┃ Tot Profit % ┃ Avg Duration ┃  Win  Draw  Loss  Win% ┃
┡━━━━━━━╇━━━━━━━━╇━━━━━━━━━━━━━━╇━━━━━━━━━━━━━━━━━╇━━━━━━━━━━━━━━╇━━━━━━━━━━━━━━╇━━━━━━━━━━━━━━━━━━━━━━━━┩
│ TOTAL │      0 │          0.0 │           0.000 │          0.0 │         0:00 │    0     0     0     0 │
└───────┴────────┴──────────────┴─────────────────┴──────────────┴──────────────┴────────────────────────┘
                                                ENTER TAG STATS                                                
┏━━━━━━━━━━━┳━━━━━━━━━┳━━━━━━━━━━━━━━┳━━━━━━━━━━━━━━━━━┳━━━━━━━━━━━━━━┳━━━━━━━━━━━━━━┳━━━━━━━━━━━━━━━━━━━━━━━━┓
┃ Enter Tag ┃ Entries ┃ Avg Profit % ┃ Tot Profit USDT ┃ Tot Profit % ┃ Avg Duration ┃  Win  Draw  Loss  Win% ┃
┡━━━━━━━━━━━╇━━━━━━━━━╇━━━━━━━━━━━━━━╇━━━━━━━━━━━━━━━━━╇━━━━━━━━━━━━━━╇━━━━━━━━━━━━━━╇━━━━━━━━━━━━━━━━━━━━━━━━┩
│ pre_scout │       3 │         0.52 │           1.673 │         0.17 │     21:15:00 │    3     0     0   100 │
│     scout │       2 │         0.31 │           0.448 │         0.04 │      2:00:00 │    2     0     0   100 │
│     TOTAL │       5 │         0.44 │           2.121 │         0.21 │     13:33:00 │    5     0     0   100 │
└───────────┴─────────┴──────────────┴─────────────────┴──────────────┴──────────────┴────────────────────────┘
                                                    EXIT REASON STATS                                                    
┏━━━━━━━━━━━━━━━━━━━━━┳━━━━━━━┳━━━━━━━━━━━━━━┳━━━━━━━━━━━━━━━━━┳━━━━━━━━━━━━━━┳━━━━━━━━━━━━━━━━┳━━━━━━━━━━━━━━━━━━━━━━━━┓
┃         Exit Reason ┃ Exits ┃ Avg Profit % ┃ Tot Profit USDT ┃ Tot Profit % ┃   Avg Duration ┃  Win  Draw  Loss  Win% ┃
┡━━━━━━━━━━━━━━━━━━━━━╇━━━━━━━╇━━━━━━━━━━━━━━╇━━━━━━━━━━━━━━━━━╇━━━━━━━━━━━━━━╇━━━━━━━━━━━━━━━━╇━━━━━━━━━━━━━━━━━━━━━━━━┩
│ time_decay_sideways │     2 │         0.64 │           1.373 │         0.14 │ 1 day, 2:08:00 │    2     0     0   100 │
│  trailing_stop_loss │     3 │         0.31 │           0.748 │         0.07 │        5:10:00 │    3     0     0   100 │
│               TOTAL │     5 │         0.44 │           2.121 │         0.21 │       13:33:00 │    5     0     0   100 │
└─────────────────────┴───────┴──────────────┴─────────────────┴──────────────┴────────────────┴────────────────────────┘
                                                           MIXED TAG STATS                                                            
┏━━━━━━━━━━━┳━━━━━━━━━━━━━━━━━━━━━┳━━━━━━━━┳━━━━━━━━━━━━━━┳━━━━━━━━━━━━━━━━━┳━━━━━━━━━━━━━━┳━━━━━━━━━━━━━━━━┳━━━━━━━━━━━━━━━━━━━━━━━━┓
┃ Enter Tag ┃         Exit Reason ┃ Trades ┃ Avg Profit % ┃ Tot Profit USDT ┃ Tot Profit % ┃   Avg Duration ┃  Win  Draw  Loss  Win% ┃
┡━━━━━━━━━━━╇━━━━━━━━━━━━━━━━━━━━━╇━━━━━━━━╇━━━━━━━━━━━━━━╇━━━━━━━━━━━━━━━━━╇━━━━━━━━━━━━━━╇━━━━━━━━━━━━━━━━╇━━━━━━━━━━━━━━━━━━━━━━━━┩
│ pre_scout │ time_decay_sideways │      2 │         0.64 │           1.373 │         0.14 │ 1 day, 2:08:00 │    2     0     0   100 │
│     scout │  trailing_stop_loss │      2 │         0.31 │           0.448 │         0.04 │        2:00:00 │    2     0     0   100 │
│ pre_scout │  trailing_stop_loss │      1 │          0.3 │           0.300 │         0.03 │       11:30:00 │    1     0     0   100 │
│     TOTAL │                     │      5 │         0.44 │           2.121 │         0.21 │       13:33:00 │    5     0     0   100 │
└───────────┴─────────────────────┴────────┴──────────────┴─────────────────┴──────────────┴────────────────┴────────────────────────┘
                         SUMMARY METRICS                          
┏━━━━━━━━━━━━━━━━━━━━━━━━━━━━━━━┳━━━━━━━━━━━━━━━━━━━━━━━━━━━━━━━━┓
┃ Metric                        ┃ Value                          ┃
┡━━━━━━━━━━━━━━━━━━━━━━━━━━━━━━━╇━━━━━━━━━━━━━━━━━━━━━━━━━━━━━━━━┩
│ Backtesting from              │ 2025-10-01 00:00:00            │
│ Backtesting to                │ 2026-03-30 00:00:00            │
│ Trading Mode                  │ Isolated Futures               │
│ Max open trades               │ 3                              │
│                               │                                │
│ Total/Daily Avg Trades        │ 5 / 0.03                       │
│ Starting balance              │ 1000 USDT                      │
│ Final balance                 │ 1002.121 USDT                  │
│ Absolute profit               │ 2.121 USDT                     │
│ Total profit %                │ 0.21%                          │
│ CAGR %                        │ 0.43%                          │
│ Sortino                       │ -100.00                        │
│ Sharpe                        │ 0.70                           │
│ Calmar                        │ -100.00                        │
│ SQN                           │ 2.64                           │
│ Profit factor                 │ 0.00                           │
│ Expectancy (Ratio)            │ 0.42 (100.00)                  │
│ Avg. daily profit             │ 0.012 USDT                     │
│ Avg. stake amount             │ 92.34 USDT                     │
│ Total trade volume            │ 921.289 USDT                   │
│                               │                                │
│ Long / Short trades           │ 0 / 5                          │
│ Long / Short profit %         │ 0.00% / 0.21%                  │
│ Long / Short profit USDT      │ 0.000 / 2.121                  │
│                               │                                │
│ Best Pair                     │ BTC/USDT:USDT 0.19%            │
│ Worst Pair                    │ ETH/USDT:USDT 0.00%            │
│ Best trade                    │ BTC/USDT:USDT 1.00%            │
│ Worst trade                   │ BTC/USDT:USDT 0.28%            │
│ Best day                      │ 1.062 USDT                     │
│ Worst day                     │ 0 USDT                         │
│ Days win/draw/lose            │ 5 / 104 / 0                    │
│ Min/Max/Avg. Duration Winners │ 0d 02:00 / 1d 03:00 / 0d 13:33 │
│ Min/Max/Avg. Duration Losers  │ 0d 00:00 / 0d 00:00 / 0d 00:00 │
│ Max Consecutive Wins / Loss   │ 5 / 0                          │
│ Rejected Entry signals        │ 0                              │
│ Entry/Exit Timeouts           │ 0 / 0                          │
│                               │                                │
│ Min balance                   │ 1000.3 USDT                    │
│ Max balance                   │ 1002.121 USDT                  │
│ Max % of account underwater   │ 0.00%                          │
│ Absolute drawdown             │ 0 USDT (0.00%)                 │
│ Drawdown duration             │ 0 days 00:00:00                │
│ Profit at drawdown start      │ 0 USDT                         │
│ Profit at drawdown end        │ 0 USDT                         │
│ Drawdown start                │ 2025-11-02 23:45:00            │
│ Drawdown end                  │ 2025-11-02 23:45:00            │
│ Market change                 │ -54.27%                        │
└───────────────────────────────┴────────────────────────────────┘

Backtested 2025-10-01 00:00:00 -> 2026-03-30 00:00:00 | Max open trades : 3
                                                           STRATEGY SUMMARY                                                            
┏━━━━━━━━━━━━━━━━━━━━┳━━━━━━━━┳━━━━━━━━━━━━━━┳━━━━━━━━━━━━━━━━━┳━━━━━━━━━━━━━━┳━━━━━━━━━━━━━━┳━━━━━━━━━━━━━━━━━━━━━━━━┳━━━━━━━━━━━━━━━┓
┃           Strategy ┃ Trades ┃ Avg Profit % ┃ Tot Profit USDT ┃ Tot Profit % ┃ Avg Duration ┃  Win  Draw  Loss  Win% ┃      Drawdown ┃
┡━━━━━━━━━━━━━━━━━━━━╇━━━━━━━━╇━━━━━━━━━━━━━━╇━━━━━━━━━━━━━━━━━╇━━━━━━━━━━━━━━╇━━━━━━━━━━━━━━╇━━━━━━━━━━━━━━━━━━━━━━━━╇━━━━━━━━━━━━━━━┩
│ SupertrendStrategy │      5 │         0.44 │           2.121 │         0.21 │     13:33:00 │    5     0     0   100 │ 0 USDT  0.00% │
└────────────────────┴────────┴──────────────┴─────────────────┴──────────────┴──────────────┴────────────────────────┴───────────────┘
